# JRE version: Java(TM) SE Runtime Environment (17.0.11+7) (build 17.0.11+7-LTS-207)
# Java VM: Java HotSpot(TM) 64-Bit Server VM (17.0.11+7-LTS-207, mixed mode, sharing, tiered, compressed oops, compressed class ptrs, g1 gc, windows-amd64)
GC Precious Log:
 CPUs: 8 total, 8 available
 Memory: 7979M
 Large Page Support: Disabled
 NUMA Support: Disabled
 Compressed Oops: Enabled (32-bit)
 Heap Region Size: 1M
 Heap Min Capacity: 8M
 Heap Initial Capacity: 126M
 Heap Max Capacity: 1996M
 Pre-touch: Disabled
 Parallel Workers: 8
 Concurrent Workers: 2
 Concurrent Refinement Workers: 8
 Periodic GC: Disabled
Heap:
 garbage-first heap   total 98304K, used 43436K [0x0000000083400000, 0x0000000100000000)
  region size 1024K, 5 young (5120K), 1 survivors (1024K)
 Metaspace       used 25577K, committed 25920K, reserved 1114112K
  class space    used 3390K, committed 3584K, reserved 1048576K
GC Heap History (20 events):
Event: 32.753 GC heap before
{Heap before GC invocations=8 (full 0):
 garbage-first heap   total 81920K, used 37242K [0x0000000083400000, 0x0000000100000000)
  region size 1024K, 3 young (3072K), 1 survivors (1024K)
 Metaspace       used 25495K, committed 25920K, reserved 1114112K
  class space    used 3384K, committed 3584K, reserved 1048576K
}
Event: 32.754 GC heap after
{Heap after GC invocations=9 (full 0):
 garbage-first heap   total 98304K, used 34131K [0x0000000083400000, 0x0000000100000000)
  region size 1024K, 1 young (1024K), 1 survivors (1024K)
 Metaspace       used 25495K, committed 25920K, reserved 1114112K
  class space    used 3384K, committed 3584K, reserved 1048576K
}
Event: 33.263 GC heap before
{Heap before GC invocations=9 (full 0):
 garbage-first heap   total 98304K, used 44371K [0x0000000083400000, 0x0000000100000000)
  region size 1024K, 3 young (3072K), 1 survivors (1024K)
 Metaspace       used 25498K, committed 25920K, reserved 1114112K
  class space    used 3384K, committed 3584K, reserved 1048576K
}
Event: 33.264 GC heap after
{Heap after GC invocations=10 (full 0):
 garbage-first heap   total 98304K, used 34134K [0x0000000083400000, 0x0000000100000000)
  region size 1024K, 1 young (1024K), 1 survivors (1024K)
 Metaspace       used 25498K, committed 25920K, reserved 1114112K
  class space    used 3384K, committed 3584K, reserved 1048576K
}
Event: 33.678 GC heap before
{Heap before GC invocations=10 (full 0):
 garbage-first heap   total 98304K, used 44374K [0x0000000083400000, 0x0000000100000000)
  region size 1024K, 3 young (3072K), 1 survivors (1024K)
 Metaspace       used 25502K, committed 25920K, reserved 1114112K
  class space    used 3384K, committed 3584K, reserved 1048576K
}
Event: 33.679 GC heap after
{Heap after GC invocations=11 (full 0):
 garbage-first heap   total 98304K, used 34138K [0x0000000083400000, 0x0000000100000000)
  region size 1024K, 1 young (1024K), 1 survivors (1024K)
 Metaspace       used 25502K, committed 25920K, reserved 1114112K
  class space    used 3384K, committed 3584K, reserved 1048576K
}
Event: 34.104 GC heap before
{Heap before GC invocations=11 (full 0):
 garbage-first heap   total 98304K, used 45402K [0x0000000083400000, 0x0000000100000000)
  region size 1024K, 4 young (4096K), 1 survivors (1024K)
 Metaspace       used 25505K, committed 25920K, reserved 1114112K
  class space    used 3384K, committed 3584K, reserved 1048576K
}
Event: 34.105 GC heap after
{Heap after GC invocations=12 (full 0):
 garbage-first heap   total 98304K, used 34138K [0x0000000083400000, 0x0000000100000000)
  region size 1024K, 1 young (1024K), 1 survivors (1024K)
 Metaspace       used 25505K, committed 25920K, reserved 1114112K
  class space    used 3384K, committed 3584K, reserved 1048576K
}
Event: 34.572 GC heap before
{Heap before GC invocations=12 (full 0):
 garbage-first heap   total 98304K, used 44378K [0x0000000083400000, 0x0000000100000000)
  region size 1024K, 3 young (3072K), 1 survivors (1024K)
 Metaspace       used 25511K, committed 25920K, reserved 1114112K
  class space    used 3384K, committed 3584K, reserved 1048576K
}
Event: 34.573 GC heap after
{Heap after GC invocations=13 (full 0):
 garbage-first heap   total 98304K, used 34148K [0x0000000083400000, 0x0000000100000000)
  region size 1024K, 1 young (1024K), 1 survivors (1024K)
 Metaspace       used 25511K, committed 25920K, reserved 1114112K
  class space    used 3384K, committed 3584K, reserved 1048576K
}
Event: 34.932 GC heap before
{Heap before GC invocations=13 (full 0):
 garbage-first heap   total 98304K, used 44388K [0x0000000083400000, 0x0000000100000000)
  region size 1024K, 4 young (4096K), 1 survivors (1024K)
 Metaspace       used 25542K, committed 25920K, reserved 1114112K
  class space    used 3386K, committed 3584K, reserved 1048576K
}
Event: 34.934 GC heap after
{Heap after GC invocations=14 (full 0):
 garbage-first heap   total 98304K, used 34175K [0x0000000083400000, 0x0000000100000000)
  region size 1024K, 1 young (1024K), 1 survivors (1024K)
 Metaspace       used 25542K, committed 25920K, reserved 1114112K
  class space    used 3386K, committed 3584K, reserved 1048576K
}
Event: 35.365 GC heap before
{Heap before GC invocations=14 (full 0):
 garbage-first heap   total 98304K, used 46463K [0x0000000083400000, 0x0000000100000000)
  region size 1024K, 5 young (5120K), 1 survivors (1024K)
 Metaspace       used 25551K, committed 25920K, reserved 1114112K
  class space    used 3387K, committed 3584K, reserved 1048576K
}
Event: 35.366 GC heap after
{Heap after GC invocations=15 (full 0):
 garbage-first heap   total 98304K, used 34162K [0x0000000083400000, 0x0000000100000000)
  region size 1024K, 1 young (1024K), 1 survivors (1024K)
 Metaspace       used 25551K, committed 25920K, reserved 1114112K
  class space    used 3387K, committed 3584K, reserved 1048576K
}
Event: 35.700 GC heap before
{Heap before GC invocations=15 (full 0):
 garbage-first heap   total 98304K, used 44402K [0x0000000083400000, 0x0000000100000000)
  region size 1024K, 4 young (4096K), 1 survivors (1024K)
 Metaspace       used 25569K, committed 25920K, reserved 1114112K
  class space    used 3390K, committed 3584K, reserved 1048576K
}
Event: 35.702 GC heap after
{Heap after GC invocations=16 (full 0):
 garbage-first heap   total 98304K, used 34163K [0x0000000083400000, 0x0000000100000000)
  region size 1024K, 1 young (1024K), 1 survivors (1024K)
 Metaspace       used 25569K, committed 25920K, reserved 1114112K
  class space    used 3390K, committed 3584K, reserved 1048576K
}
Event: 36.116 GC heap before
{Heap before GC invocations=16 (full 0):
 garbage-first heap   total 98304K, used 46451K [0x0000000083400000, 0x0000000100000000)
  region size 1024K, 5 young (5120K), 1 survivors (1024K)
 Metaspace       used 25570K, committed 25920K, reserved 1114112K
  class space    used 3390K, committed 3584K, reserved 1048576K
}
Event: 36.117 GC heap after
{Heap after GC invocations=17 (full 0):
 garbage-first heap   total 98304K, used 34159K [0x0000000083400000, 0x0000000100000000)
  region size 1024K, 1 young (1024K), 1 survivors (1024K)
 Metaspace       used 25570K, committed 25920K, reserved 1114112K
  class space    used 3390K, committed 3584K, reserved 1048576K
}
Event: 36.481 GC heap before
{Heap before GC invocations=17 (full 0):
 garbage-first heap   total 98304K, used 44399K [0x0000000083400000, 0x0000000100000000)
  region size 1024K, 3 young (3072K), 1 survivors (1024K)
 Metaspace       used 25570K, committed 25920K, reserved 1114112K
  class space    used 3390K, committed 3584K, reserved 1048576K
}
Event: 36.482 GC heap after
{Heap after GC invocations=18 (full 0):
 garbage-first heap   total 98304K, used 35244K [0x0000000083400000, 0x0000000100000000)
  region size 1024K, 1 young (1024K), 1 survivors (1024K)
 Metaspace       used 25570K, committed 25920K, reserved 1114112K
  class space    used 3390K, committed 3584K, reserved 1048576K
}

